Application/build/intermediates/manifest_merge_blame_file/debug/manifest-merger-blame-debug-report.txt
1<?xml version="1.0" encoding="utf-8"?>
2<!--
3 Copyright 2013 The Android Open Source Project
4
5 Licensed under the Apache License, Version 2.0 (the "License");
6 you may not use this file except in compliance with the License.
7 You may obtain a copy of the License at
8
9     http://www.apache.org/licenses/LICENSE-2.0
10
11 Unless required by applicable law or agreed to in writing, software
12 distributed under the License is distributed on an "AS IS" BASIS,
13 WITHOUT WARRANTIES OR CONDITIONS OF ANY KIND, either express or implied.
14 See the License for the specific language governing permissions and
15 limitations under the License.
16-->
17<manifest xmlns:android="http://schemas.android.com/apk/res/android"
18    package="com.example.android.bluetoothlegatt"
19    android:versionCode="1"
20    android:versionName="1.0" >
21
22    <uses-sdk
23        android:minSdkVersion="18"
23-->src\main\AndroidManifest.xml
24        android:targetSdkVersion="28" />
24-->src\main\AndroidManifest.xml
25
26    <!-- Min/target SDK versions (<uses-sdk>) managed by build.gradle -->
27
28
29    <!--
30    Declare this required feature if you want to make the app available to BLE-capable
31    devices only.  If you want to make your app available to devices that don't support BLE,
32    you should omit this in the manifest.  Instead, determine BLE capability by using
33    PackageManager.hasSystemFeature(FEATURE_BLUETOOTH_LE)
34    -->
35    <uses-feature
35-->src\main\AndroidManifest.xml:31:5-89
36        android:name="android.hardware.bluetooth_le"
36-->src\main\AndroidManifest.xml:31:19-63
37        android:required="true" />
37-->src\main\AndroidManifest.xml:31:64-87
38
39    <uses-permission android:name="android.permission.BLUETOOTH" />
39-->src\main\AndroidManifest.xml:33:5-67
39-->src\main\AndroidManifest.xml:33:22-65
40    <uses-permission android:name="android.permission.BLUETOOTH_ADMIN" />
40-->src\main\AndroidManifest.xml:34:5-73
40-->src\main\AndroidManifest.xml:34:22-71
41    <uses-permission android:name="android.permission.ACCESS_FINE_LOCATION" />
41-->src\main\AndroidManifest.xml:36:5-78
41-->src\main\AndroidManifest.xml:36:22-76
42    <uses-permission android:name="android.permission.ACCESS_COARSE_LOCATION" />
42-->src\main\AndroidManifest.xml:37:5-80
42-->src\main\AndroidManifest.xml:37:22-78
43
44    <application
44-->src\main\AndroidManifest.xml:39:5-51:19
45        android:appComponentFactory="android.support.v4.app.CoreComponentFactory"
45-->[com.android.support:support-compat:28.0.0] AndroidManifest.xml:22:18-91
46        android:debuggable="true"
47        android:icon="@drawable/ic_launcher"
47-->src\main\AndroidManifest.xml:40:9-45
48        android:label="@string/app_name"
48-->src\main\AndroidManifest.xml:39:18-50
49        android:testOnly="true"
50        android:theme="@android:style/Theme.Holo.Light" >
50-->src\main\AndroidManifest.xml:41:9-56
51        <activity
51-->src\main\AndroidManifest.xml:42:9-48:20
52            android:name="com.example.android.bluetoothlegatt.DeviceScanActivity"
52-->src\main\AndroidManifest.xml:42:19-53
53            android:label="@string/app_name" >
53-->src\main\AndroidManifest.xml:43:13-45
54            <intent-filter>
54-->src\main\AndroidManifest.xml:44:13-47:29
55                <action android:name="android.intent.action.MAIN" />
55-->src\main\AndroidManifest.xml:45:17-68
55-->src\main\AndroidManifest.xml:45:25-66
56
57                <category android:name="android.intent.category.LAUNCHER" />
57-->src\main\AndroidManifest.xml:46:17-76
57-->src\main\AndroidManifest.xml:46:27-74
58            </intent-filter>
59        </activity>
60        <activity android:name="com.example.android.bluetoothlegatt.DeviceControlActivity" />
60-->src\main\AndroidManifest.xml:49:9-58
60-->src\main\AndroidManifest.xml:49:19-56
61
62        <service
62-->src\main\AndroidManifest.xml:50:9-77
63            android:name="com.example.android.bluetoothlegatt.BluetoothLeService"
63-->src\main\AndroidManifest.xml:50:18-52
64            android:enabled="true" />
64-->src\main\AndroidManifest.xml:50:53-75
65    </application>
66
67</manifest>